<?xml version="1.0" encoding="UTF-8"?>
<testsuite xmlns:xsi="http://www.w3.org/2001/XMLSchema-instance" xsi:noNamespaceSchemaLocation="https://maven.apache.org/surefire/maven-surefire-plugin/xsd/surefire-test-report-3.0.xsd" version="3.0" name="com.blackout.game.GameFlowIntegrationTest" time="5.096" tests="6" errors="0" skipped="0" failures="0">
  <properties>
[...]
</properties>
  <testcase name="fieldToolsBehave" classname="com.blackout.game.GameFlowIntegrationTest" time="1.704">
    <system-out><![CDATA[21:29:48.559 [main] INFO org.springframework.test.context.support.AnnotationConfigContextLoaderUtils -- Could not detect default configuration classes for test class [com.blackout.game.GameFlowIntegrationTest]: GameFlowIntegrationTest does not declare any static, non-private, non-final, nested classes annotated with @Configuration.
21:29:48.725 [main] INFO org.springframework.boot.test.context.SpringBootTestContextBootstrapper -- Found @SpringBootConfiguration com.blackout.BlackoutServerApplication for test class com.blackout.game.GameFlowIntegrationTest
21:29:49 INFO  Starting GameFlowIntegrationTest using Java 21.0.11 with PID 278971 (started by akriti in /home/akriti/Documents/blackout)
21:29:49 INFO  No active profile set, falling back to 1 default profile: "default"
21:29:50 INFO  Adding welcome page: class path resource [static/index.html]
21:29:51 INFO  Initializing Spring TestDispatcherServlet ''
21:29:51 INFO  Initializing Servlet ''
21:29:51 INFO  Completed initialization in 1 ms
21:29:51 INFO  Started GameFlowIntegrationTest in 2.358 seconds (process running for 3.723)
]]></system-out>
    <system-err><![CDATA[WARNING: A Java agent has been loaded dynamically (/home/akriti/.m2/repository/net/bytebuddy/byte-buddy-agent/1.14.19/byte-buddy-agent-1.14.19.jar)
WARNING: If a serviceability tool is in use, please run with -XX:+EnableDynamicAgentLoading to hide this warning
WARNING: If a serviceability tool is not in use, please run with -Djdk.instrument.traceUsage for more information
WARNING: Dynamic loading of agents will be disallowed by default in a future release
]]></system-err>
  </testcase>
  <testcase name="secretDropChain" classname="com.blackout.game.GameFlowIntegrationTest" time="0.24">
    <system-out><![CDATA[21:29:53 INFO  [ENLIST] new agent 'NAKED-AGENT' joins the network
21:29:53 INFO  [ENLIST] new agent 'DROP-AGENT' joins the network
21:29:53 INFO  [BADGE] agent 'DROP-AGENT' registered an RSA-2048 public badge
21:29:53 INFO  [MISSION] 'DROP-AGENT' issued SECRET_DROP token=1e174831...
21:29:53 INFO  [SOLVED] 'DROP-AGENT' cleared SECRET_DROP (+25 pts)
]]></system-out>
  </testcase>
  <testcase name="tamperHunt" classname="com.blackout.game.GameFlowIntegrationTest" time="0.026">
    <system-out><![CDATA[21:29:53 INFO  [ENLIST] new agent 'HUNT-AGENT' joins the network
21:29:53 INFO  [MISSION] 'HUNT-AGENT' issued TAMPER_HUNT token=e947b136...
21:29:53 INFO  [SOLVED] 'HUNT-AGENT' cleared TAMPER_HUNT (+20 pts)
]]></system-out>
  </testcase>
  <testcase name="sealIntelScoring" classname="com.blackout.game.GameFlowIntegrationTest" time="0.029">
    <system-out><![CDATA[21:29:53 INFO  [ENLIST] new agent 'SEAL-AGENT' joins the network
21:29:53 INFO  [MISSION] 'SEAL-AGENT' issued SEAL_INTEL token=76ad5748...
21:29:53 INFO  [MISSED] 'SEAL-AGENT' failed SEAL_INTEL
21:29:53 INFO  [MISSION] 'SEAL-AGENT' issued SEAL_INTEL token=6b676f32...
21:29:53 INFO  [SOLVED] 'SEAL-AGENT' cleared SEAL_INTEL (+10 pts)
]]></system-out>
  </testcase>
  <testcase name="leaderboardOrdersByScore" classname="com.blackout.game.GameFlowIntegrationTest" time="0.017">
    <system-out><![CDATA[21:29:53 INFO  [ENLIST] new agent 'BOARD-AGENT' joins the network
]]></system-out>
  </testcase>
  <testcase name="enlistCreatesDossier" classname="com.blackout.game.GameFlowIntegrationTest" time="0.055">
    <system-out><![CDATA[21:29:53 INFO  [ENLIST] new agent 'ROOKIE-TESTER' joins the network
]]></system-out>
  </testcase>
</testsuite>